HTTP/1.1 200 OK
Server: Apache-Coyote/1.1
Set-Cookie: JSESSIONID=xxxxxxxxxxxx; HttpOnly
X-Grouper-resultCode: SUCCESS
X-Grouper-success: T
X-Grouper-resultCode2: NONE
Content-Type: text/xml;charset=UTF-8
Transfer-Encoding: chunked
Date: Sat, 13 Oct 2018 01:07:41 GMT
Connection: close

<WsHasMemberResults>
  <results>
    <WsHasMemberResult>
      <wsSubject>
        <identifierLookup>iamtst02</identifierLookup>
        <resultCode>SUCCESS</resultCode>
        <success>T</success>
        <id>iamtst02</id>
        <name>tst02name</name>
        <sourceId>UH core LDAP</sourceId>
      </wsSubject>
      <resultMetadata>
        <resultCode>IS_NOT_MEMBER</resultCode>
        <success>T</success>
      </resultMetadata>
    </WsHasMemberResult>
  </results>
  <wsGroup>
    <extension>basis</extension>
    <typeOfGroup>group</typeOfGroup>
    <displayExtension>basis</displayExtension>
    <displayName>tmp:zknoebel-test:zac-many:basis</displayName>
    <name>tmp:zknoebel-test:zac-many:basis</name>
    <uuid>ac6fa027274d46689c50e8e2e02d648a</uuid>
    <idIndex>828989</idIndex>
  </wsGroup>
  <resultMetadata>
    <resultCode>SUCCESS</resultCode>
    <resultMessage>Success for: clientVersion: 2.3.0, wsGroupLookup: WsGroupLookup[pitGroups=[],groupName=tmp:zknoebel-test:zac-many:basis], subjectLookups: Array size: 1: [0]: WsSubjectLookup[subjectIdentifier=iamtst02]

 memberFilter: All, actAsSubject: null, fieldName: null, includeGroupDetail: false, includeSubjectDetail: false, subjectAttributeNames: null
,params: null
,pointInTimeFrom: null, pointInTimeTo: null</resultMessage>
    <success>T</success>
  </resultMetadata>
  <responseMetadata>
    <resultWarnings>, Client version: 2.3.0 is less than (major/minor) server version: 2.2.2, Client version: 2.3.0 is less than (major/minor) server version: 2.2.2</resultWarnings>
    <millis>4</millis>
    <serverVersion>2.2.2</serverVersion>
  </responseMetadata>
</WsHasMemberResults>