HTTP/1.1 200 OK
Server: Apache-Coyote/1.1
Set-Cookie: JSESSIONID=xxxxxxxxxxxx; HttpOnly
X-Grouper-resultCode: SUCCESS_NOT_ALLOWED
X-Grouper-success: T
X-Grouper-resultCode2: NONE
Content-Type: text/xml;charset=UTF-8
Transfer-Encoding: chunked
Date: Sat, 13 Oct 2018 01:07:48 GMT
Connection: close

<WsGetGrouperPrivilegesLiteResult>
  <resultMetadata>
    <resultCode>SUCCESS_NOT_ALLOWED</resultCode>
    <success>T</success>
  </resultMetadata>
  <responseMetadata>
    <resultWarnings>, Client version: 2.3.0 is less than (major/minor) server version: 2.2.2, Client version: 2.3.0 is less than (major/minor) server version: 2.2.2</resultWarnings>
    <millis>8</millis>
    <serverVersion>2.2.2</serverVersion>
  </responseMetadata>
</WsGetGrouperPrivilegesLiteResult>