HTTP/1.1 200 OK
Server: Apache-Coyote/1.1
Set-Cookie: JSESSIONID=xxxxxxxxxxxx; HttpOnly
X-Grouper-resultCode: SUCCESS
X-Grouper-success: T
X-Grouper-resultCode2: NONE
Content-Type: text/xml;charset=UTF-8
Transfer-Encoding: chunked
Date: Sat, 13 Oct 2018 01:07:36 GMT
Connection: close

<WsHasMemberResults>
  <results>
    <WsHasMemberResult>
      <wsSubject>
        <identifierLookup>iamtst02</identifierLookup>
        <resultCode>SUCCESS</resultCode>
        <success>T</success>
        <id>iamtst02</id>
        <name>tst02name</name>
        <sourceId>UH core LDAP</sourceId>
      </wsSubject>
      <resultMetadata>
        <resultCode>IS_NOT_MEMBER</resultCode>
        <success>T</success>
      </resultMetadata>
    </WsHasMemberResult>
  </results>
  <wsGroup>
    <extension>groupingAdmins</extension>
    <typeOfGroup>group</typeOfGroup>
    <displayExtension>groupingAdmins</displayExtension>
    <displayName>uh-settings:groupingAdmins</displayName>
    <name>uh-settings:groupingAdmins</name>
    <uuid>810856b9ab944217be579b8853ad2bcb</uuid>
    <idIndex>829084</idIndex>
  </wsGroup>
  <resultMetadata>
    <resultCode>SUCCESS</resultCode>
    <resultMessage>Success for: clientVersion: 2.3.0, wsGroupLookup: WsGroupLookup[pitGroups=[],groupName=uh-settings:groupingAdmins], subjectLookups: Array size: 1: [0]: WsSubjectLookup[subjectIdentifier=iamtst02]

 memberFilter: All, actAsSubject: null, fieldName: null, includeGroupDetail: false, includeSubjectDetail: false, subjectAttributeNames: null
,params: null
,pointInTimeFrom: null, pointInTimeTo: null</resultMessage>
    <success>T</success>
  </resultMetadata>
  <responseMetadata>
    <resultWarnings>, Client version: 2.3.0 is less than (major/minor) server version: 2.2.2, Client version: 2.3.0 is less than (major/minor) server version: 2.2.2</resultWarnings>
    <millis>7</millis>
    <serverVersion>2.2.2</serverVersion>
  </responseMetadata>
</WsHasMemberResults>