POST /grouper-ws/servicesRest/v2_3_000/groups HTTP/1.1
Connection: close
Authorization: Basic xxxxxxxxxxxxxxxx
User-Agent: Jakarta Commons-HttpClient/3.1
Host: grouper-test.its.hawaii.edu:-1
Content-Length: 345
Content-Type: text/xml; charset=UTF-8

<WsRestDeleteMemberRequest>
  <wsGroupLookup>
    <groupName>tmp:zknoebel-test:zac-many:owners</groupName>
  </wsGroupLookup>
  <subjectLookups>
    <WsSubjectLookup>
      <subjectIdentifier>iamtst02</subjectIdentifier>
    </WsSubjectLookup>
  </subjectLookups>
  <actAsSubjectLookup>
    <subjectIdentifier>iamtst01</subjectIdentifier>
  </actAsSubjectLookup>
</WsRestDeleteMemberRequest>