HTTP/1.1 200 OK
Server: Apache-Coyote/1.1
Set-Cookie: JSESSIONID=xxxxxxxxxxxx; HttpOnly
X-Grouper-resultCode: SUCCESS_ALLOWED_ALREADY_EXISTED
X-Grouper-success: T
X-Grouper-resultCode2: NONE
Content-Type: text/xml;charset=UTF-8
Transfer-Encoding: chunked
Date: Sat, 13 Oct 2018 01:07:31 GMT
Connection: close

<WsAssignGrouperPrivilegesLiteResult>
  <resultMetadata>
    <resultCode>SUCCESS_ALLOWED_ALREADY_EXISTED</resultCode>
    <resultMessage>Success for: clientVersion: 2.3.0, wsSubjects: Array size: 1: [0]: WsSubjectLookup[subjectIdentifier=GrouperAll]
, group: WsGroupLookup[pitGroups=[],groupName=tmp:zknoebel-test:zac-many:exclude], stem: null, privilege: ACCESS-Array size: 1: [0]: optout
, allowed? true, actAsSubject: null, replaceAllExisting: false
, params: null</resultMessage>
    <success>T</success>
  </resultMetadata>
  <responseMetadata>
    <resultWarnings>, Client version: 2.3.0 is less than (major/minor) server version: 2.2.2</resultWarnings>
    <millis>9</millis>
    <serverVersion>2.2.2</serverVersion>
  </responseMetadata>
  <privilegeName>optout</privilegeName>
  <privilegeType>access</privilegeType>
  <wsGroup>
    <extension>exclude</extension>
    <typeOfGroup>group</typeOfGroup>
    <displayExtension>exclude</displayExtension>
    <displayName>tmp:zknoebel-test:zac-many:exclude</displayName>
    <name>tmp:zknoebel-test:zac-many:exclude</name>
    <uuid>af1156c2a7a445259b850dd99ca6acc5</uuid>
    <idIndex>828991</idIndex>
  </wsGroup>
  <wsSubject>
    <identifierLookup>GrouperAll</identifierLookup>
    <resultCode>SUCCESS</resultCode>
    <success>T</success>
    <id>GrouperAll</id>
    <name>EveryEntity</name>
    <sourceId>g:isa</sourceId>
  </wsSubject>
</WsAssignGrouperPrivilegesLiteResult>