HTTP/1.1 200 OK
Server: Apache-Coyote/1.1
Set-Cookie: JSESSIONID=xxxxxxxxxxxx; HttpOnly
X-Grouper-resultCode: SUCCESS
X-Grouper-success: T
X-Grouper-resultCode2: NONE
Content-Type: text/xml;charset=UTF-8
Transfer-Encoding: chunked
Date: Sat, 13 Oct 2018 01:07:41 GMT
Connection: close

<WsDeleteMemberResults>
  <results>
    <WsDeleteMemberResult>
      <wsSubject>
        <identifierLookup>iamtst02</identifierLookup>
        <resultCode>SUCCESS</resultCode>
        <success>T</success>
        <id>iamtst02</id>
        <name>tst02name</name>
        <sourceId>UH core LDAP</sourceId>
      </wsSubject>
      <resultMetadata>
        <resultCode>SUCCESS_WASNT_IMMEDIATE</resultCode>
        <success>T</success>
      </resultMetadata>
    </WsDeleteMemberResult>
  </results>
  <wsGroup>
    <extension>owners</extension>
    <typeOfGroup>group</typeOfGroup>
    <displayExtension>owners</displayExtension>
    <displayName>tmp:zknoebel-test:zac-many:owners</displayName>
    <name>tmp:zknoebel-test:zac-many:owners</name>
    <uuid>ea551efe6c51452da3205a219d0dcebb</uuid>
    <idIndex>828994</idIndex>
  </wsGroup>
  <resultMetadata>
    <resultCode>SUCCESS</resultCode>
    <resultMessage>Success for: clientVersion: 2.3.0, wsGroupLookup: WsGroupLookup[pitGroups=[],groupName=tmp:zknoebel-test:zac-many:owners], subjectLookups: Array size: 1: [0]: WsSubjectLookup[subjectIdentifier=iamtst02]

, actAsSubject: WsSubjectLookup[subjectIdentifier=iamtst01], fieldName: null, txType: NONE
, params: null</resultMessage>
    <success>T</success>
  </resultMetadata>
  <responseMetadata>
    <resultWarnings>, Client version: 2.3.0 is less than (major/minor) server version: 2.2.2, Client version: 2.3.0 is less than (major/minor) server version: 2.2.2</resultWarnings>
    <millis>11</millis>
    <serverVersion>2.2.2</serverVersion>
  </responseMetadata>
</WsDeleteMemberResults>