HTTP/1.1 200 OK
Server: Apache-Coyote/1.1
Set-Cookie: JSESSIONID=xxxxxxxxxxxx; HttpOnly
X-Grouper-resultCode: SUCCESS
X-Grouper-success: T
X-Grouper-resultCode2: NONE
Content-Type: text/xml;charset=UTF-8
Transfer-Encoding: chunked
Date: Tue, 16 Oct 2018 08:09:08 GMT
Connection: close

<WsFindGroupsResults>
  <groupResults>
    <WsGroup>
      <extension>clintmor-test</extension>
      <typeOfGroup>group</typeOfGroup>
      <displayExtension>clintmor-test</displayExtension>
      <description>integration test Description</description>
      <displayName>hawaii.edu:custom:test:clintmor:clintmor-test</displayName>
      <name>hawaii.edu:custom:test:clintmor:clintmor-test</name>
      <uuid>37267521e44244488872a60632e94ecd</uuid>
      <idIndex>832345</idIndex>
    </WsGroup>
  </groupResults>
  <resultMetadata>
    <resultCode>SUCCESS</resultCode>
    <resultMessage>Success for: clientVersion: 2.3.0, wsQueryFilter: null
, includeGroupDetail: false, actAsSubject: null, paramNames: 
, params: null
, wsGroupLookups: Array size: 1: [0]: WsGroupLookup[pitGroups=[],groupName=hawaii.edu:custom:test:clintmor:clintmor...</resultMessage>
    <success>T</success>
  </resultMetadata>
  <responseMetadata>
    <resultWarnings>, Client version: 2.3.0 is less than (major/minor) server version: 2.2.2, Client version: 2.3.0 is less than (major/minor) server version: 2.2.2</resultWarnings>
    <millis>6</millis>
    <serverVersion>2.2.2</serverVersion>
  </responseMetadata>
</WsFindGroupsResults>