HTTP/1.1 200 OK
Server: Apache-Coyote/1.1
Set-Cookie: JSESSIONID=xxxxxxxxxxxx; HttpOnly
X-Grouper-resultCode: SUCCESS
X-Grouper-success: T
X-Grouper-resultCode2: NONE
Content-Type: text/xml;charset=UTF-8
Transfer-Encoding: chunked
Date: Tue, 16 Oct 2018 08:09:08 GMT
Connection: close

<WsFindGroupsResults>
  <resultMetadata>
    <resultCode>SUCCESS</resultCode>
    <resultMessage>Success for: clientVersion: 2.3.0, wsQueryFilter: null
, includeGroupDetail: false, actAsSubject: null, paramNames: 
, params: null
, wsGroupLookups: Array size: 1: [0]: WsGroupLookup[pitGroups=[],groupName=tmp:test:test]
</resultMessage>
    <success>T</success>
  </resultMetadata>
  <responseMetadata>
    <resultWarnings>, Client version: 2.3.0 is less than (major/minor) server version: 2.2.2, Client version: 2.3.0 is less than (major/minor) server version: 2.2.2</resultWarnings>
    <millis>17</millis>
    <serverVersion>2.2.2</serverVersion>
  </responseMetadata>
</WsFindGroupsResults>